#
# A fatal error has been detected by the Java Runtime Environment:
#
#  SIGSEGV (0xb) at pc=0x000000011ca6f3fd, pid=5830, tid=2571
#
# JRE version: Java(TM) SE Runtime Environment (8.0_20-b26) (build 1.8.0_20-b26)
# Java VM: Java HotSpot(TM) 64-Bit Server VM (25.20-b23 mixed mode bsd-amd64 compressed oops)
# Problematic frame:
# C  [libglass.dylib+0x163fd]  GlassScreenDidChangeScreenParameters+0x9d
#
# Failed to write core dump. Core dumps have been disabled. To enable core dumping, try "ulimit -c unlimited" before starting Java again
#
# If you would like to submit a bug report, please visit:
#   http://bugreport.sun.com/bugreport/crash.jsp
#

---------------  T H R E A D  ---------------

Current thread is native thread

siginfo: si_signo: 11 (SIGSEGV), si_code: 1 (SEGV_MAPERR), si_addr: 0x0000000000000000

Registers:
RAX=0x000000011caa1e40, RBX=0x0000000000000000, RCX=0x0000000000000103, RDX=0x00007f86bc444e68
RSP=0x00007fff5cd428f0, RBP=0x00007fff5cd42900, RSI=0x00007f86b9d299d0, RDI=0x0000000000000000
R8 =0x0000000000000040, R9 =0x00007fff7a0251e0, R10=0xffffffffffffffff, R11=0x0000000000000246
R12=0x00007f86b9e55550, R13=0x00007f86b9e7f320, R14=0x00007f86b9e7f360, R15=0x0000000000000000
RIP=0x000000011ca6f3fd, EFLAGS=0x0000000000010202, ERR=0x0000000000000004
  TRAPNO=0x000000000000000e

Top of Stack: (sp=0x00007fff5cd428f0)
0x00007fff5cd428f0:   00007fff5cd42948 00007f86b9e7f360
0x00007fff5cd42900:   00007fff5cd42910 00007fff999aba0c
0x00007fff5cd42910:   00007fff5cd42930 00007fff999ab99f
0x00007fff5cd42920:   0000000000000000 0000000000000000
0x00007fff5cd42930:   00007fff5cd429a0 00007fff999ab917
0x00007fff5cd42940:   00007fff7a746110 00007fff7a9e80a0
0x00007fff5cd42950:   0000000042000000 00007fff999ab960
0x00007fff5cd42960:   00007fff7b4056f0 00007f86b9e7f320
0x00007fff5cd42970:   00007f86b9e55550 00007fff5cd43148
0x00007fff5cd42980:   00007fff7b530bd0 00007fff5cd43148
0x00007fff5cd42990:   00007f86b9e7f320 00007fff99d6a955
0x00007fff5cd429a0:   00007fff5cd429e0 00007fff999ab682
0x00007fff5cd429b0:   00007fff5cd42fc0 0000000000000000
0x00007fff5cd429c0:   00007fff7b530bd0 00007fff5cd43148
0x00007fff5cd429d0:   00007fff92dd3e40 00007fff99d6a955
0x00007fff5cd429e0:   00007fff5cd430f0 00007fff99968442
0x00007fff5cd429f0:   00007f86b9f63f00 0000000000000002
0x00007fff5cd42a00:   0000000000000000 00007f86b9c07e00
0x00007fff5cd42a10:   00007f86ba803048 00007f86b9e48920
0x00007fff5cd42a20:   0000000000000000 00007f86b9e7f3c0
0x00007fff5cd42a30:   0000000000000000 0000000000000000
0x00007fff5cd42a40:   00007fff7b4425b0 00007fff5cd42fc0
0x00007fff5cd42a50:   0000000000000001 0000000000000100
0x00007fff5cd42a60:   0000000000001100 00007fff5cd42ec0
0x00007fff5cd42a70:   0000000000000000 0000000000000100
0x00007fff5cd42a80:   4098140000000000 00007fff7b530bd0
0x00007fff5cd42a90:   0000000000000000 00007fff7b406490
0x00007fff5cd42aa0:   00007fff7b530bd0 0000000000000000
0x00007fff5cd42ab0:   00007fff7b406490 00007f86b9e54870
0x00007fff5cd42ac0:   00007f86b9f63f00 0000000000000002
0x00007fff5cd42ad0:   0000000000000000 00007fff92dd3e40
0x00007fff5cd42ae0:   00007fff5cd42ca0 00007fff94ebb2a4 

Instructions: (pc=0x000000011ca6f3fd)
0x000000011ca6f3dd:   89 df 4c 89 f1 41 ff 90 68 04 00 00 48 8d 05 58
0x000000011ca6f3ed:   29 03 00 48 8b 30 48 8d 05 46 2a 03 00 48 8b 10
0x000000011ca6f3fd:   48 8b 0b 30 c0 48 89 df ff 91 68 04 00 00 48 8b
0x000000011ca6f40d:   03 48 89 df ff 50 78 48 85 c0 74 36 49 89 c6 48 

Register to memory mapping:

RAX=0x000000011caa1e40: jScreenNotifySettingsChanged+0 in /Library/Java/JavaVirtualMachines/jdk1.8.0_20.jdk/Contents/Home/jre/lib/libglass.dylib at 0x000000011ca59000
RBX=0x0000000000000000 is an unknown value
RCX=0x0000000000000103 is an unknown value
RDX=0x00007f86bc444e68 is an unknown value
RSP=0x00007fff5cd428f0 is an unknown value
RBP=0x00007fff5cd42900 is an unknown value
RSI=0x00007f86b9d299d0 is a global jni handle
RDI=0x0000000000000000 is an unknown value
R8 =0x0000000000000040 is an unknown value
R9 =0x00007fff7a0251e0: __sFX+0x1c0 in /usr/lib/system/libsystem_c.dylib at 0x00007fff92a4f000
R10=0xffffffffffffffff is an unknown value
R11=0x0000000000000246 is an unknown value
R12=0x00007f86b9e55550 is an unknown value
R13=0x00007f86b9e7f320 is an unknown value
R14=0x00007f86b9e7f360 is an unknown value
R15=0x0000000000000000 is an unknown value


Stack: [0x00007fff5c546000,0x00007fff5cd46000],  sp=0x00007fff5cd428f0,  free space=8178k
Native frames: (J=compiled Java code, j=interpreted, Vv=VM code, C=native code)
C  [libglass.dylib+0x163fd]  GlassScreenDidChangeScreenParameters+0x9d
C  [CoreFoundation+0xa0a0c]  __CFNOTIFICATIONCENTER_IS_CALLING_OUT_TO_AN_OBSERVER__+0xc
C  [CoreFoundation+0xa099f]  ___CFXRegistrationPost_block_invoke+0x3f
C  [CoreFoundation+0xa0917]  _CFXRegistrationPost+0x197
C  [CoreFoundation+0xa0682]  ___CFXNotificationPost_block_invoke+0x32
C  [CoreFoundation+0x5d442]  -[_CFXNotificationRegistrar find:object:observer:enumerator:]+0x782
C  [CoreFoundation+0x5c695]  _CFXNotificationPost+0x2b5
C  [Foundation+0x731a]  -[NSNotificationCenter postNotificationName:object:userInfo:]+0x42
C  [AppKit+0x41dbae]  -[NSApplication _reactToScreenInvalidationImmediately:]+0x17f
C  [AppKit+0x41d9ff]  __44-[NSApplication _reactToScreenInvalidation:]_block_invoke+0x3b
C  [CoreFoundation+0xaa24c]  __CFRUNLOOP_IS_CALLING_OUT_TO_A_BLOCK__+0xc
C  [CoreFoundation+0x89b65]  __CFRunLoopDoBlocks+0x155
C  [CoreFoundation+0x898cb]  __CFRunLoopRun+0x92b
C  [CoreFoundation+0x88d38]  CFRunLoopRunSpecific+0x128
C  [java+0x56cc]  CreateExecutionEnvironment+0x367
C  [java+0x165c]  JLI_Launch+0x7a0
C  [java+0x768a]  main+0x65
C  [java+0xeb4]  start+0x34


---------------  P R O C E S S  ---------------

VM state:at safepoint (normal execution)

VM Mutex/Monitor currently owned by a thread:  ([mutex/lock_event])
[0x00007f86b9f01830] Threads_lock - owner thread: 0x00007f86ba828000
[0x00007f86b9f01d30] Heap_lock - owner thread: 0x00007f86bbb3b800

Heap:
 PSYoungGen      total 38400K, used 14622K [0x0000000795580000, 0x0000000798000000, 0x00000007c0000000)
  eden space 33280K, 29% used [0x0000000795580000,0x0000000795f03870,0x0000000797600000)
  from space 5120K, 95% used [0x0000000797600000,0x0000000797ac4050,0x0000000797b00000)
  to   space 5120K, 0% used [0x0000000797b00000,0x0000000797b00000,0x0000000798000000)
 ParOldGen       total 87552K, used 80K [0x0000000740000000, 0x0000000745580000, 0x0000000795580000)
  object space 87552K, 0% used [0x0000000740000000,0x0000000740014010,0x0000000745580000)
 Metaspace       used 15374K, capacity 15912K, committed 16000K, reserved 1062912K
  class space    used 2232K, capacity 2362K, committed 2432K, reserved 1048576K

Card table byte_map: [0x0000000113dc0000,0x00000001141c1000] byte_map_base: 0x00000001103c0000

Marking Bits: (ParMarkBitMap*) 0x0000000103a03330
 Begin Bits: [0x000000011446c000, 0x000000011646c000)
 End Bits:   [0x000000011646c000, 0x000000011846c000)

Polling page: 0x00000001040c8000

CodeCache: size=245760Kb used=4772Kb max_used=4772Kb free=240987Kb
 bounds [0x0000000104a00000, 0x0000000104eb0000, 0x0000000113a00000]
 total_blobs=2166 nmethods=1554 adapters=535
 compilation: enabled

Compilation events (10 events):
Event: 32.021 Thread 0x00007f86bb029000 1567       3       jdk.internal.org.objectweb.asm.ClassWriter::newFieldItem (77 bytes)
Event: 32.021 Thread 0x00007f86bb029000 nmethod 1567 0x0000000104ea7c10 code [0x0000000104ea7e00, 0x0000000104ea8438]
Event: 32.105 Thread 0x00007f86bb029000 1569       3       java.util.concurrent.locks.AbstractQueuedSynchronizer$Node::predecessor (19 bytes)
Event: 32.106 Thread 0x00007f86bb029000 nmethod 1569 0x0000000104ea8890 code [0x0000000104ea8a00, 0x0000000104ea8c48]
Event: 32.106 Thread 0x00007f86bb029000 1570       3       jdk.internal.org.objectweb.asm.MethodWriter::visitCode (1 bytes)
Event: 32.107 Thread 0x00007f86bb029000 nmethod 1570 0x0000000104ea8d10 code [0x0000000104ea8e60, 0x0000000104ea8fb0]
Event: 32.107 Thread 0x00007f86bb029000 1571       3       java.lang.ref.SoftReference::<init> (13 bytes)
Event: 32.108 Thread 0x00007f86bb029000 nmethod 1571 0x0000000104ea9010 code [0x0000000104ea9180, 0x0000000104ea9470]
Event: 32.118 Thread 0x00007f86bb029000 1572       3       sun.invoke.util.VerifyAccess::isMemberAccessible (219 bytes)
Event: 32.120 Thread 0x00007f86bb029000 nmethod 1572 0x0000000104ea95d0 code [0x0000000104ea9860, 0x0000000104eaa928]

GC Heap History (2 events):
Event: 3.312 GC heap before
{Heap before GC invocations=1 (full 0):
 PSYoungGen      total 38400K, used 33280K [0x0000000795580000, 0x0000000798000000, 0x00000007c0000000)
  eden space 33280K, 100% used [0x0000000795580000,0x0000000797600000,0x0000000797600000)
  from space 5120K, 0% used [0x0000000797b00000,0x0000000797b00000,0x0000000798000000)
  to   space 5120K, 0% used [0x0000000797600000,0x0000000797600000,0x0000000797b00000)
 ParOldGen       total 87552K, used 0K [0x0000000740000000, 0x0000000745580000, 0x0000000795580000)
  object space 87552K, 0% used [0x0000000740000000,0x0000000740000000,0x0000000745580000)
 Metaspace       used 13641K, capacity 14062K, committed 14208K, reserved 1060864K
  class space    used 2001K, capacity 2085K, committed 2176K, reserved 1048576K
Event: 3.327 GC heap after
Heap after GC invocations=1 (full 0):
 PSYoungGen      total 38400K, used 4880K [0x0000000795580000, 0x0000000798000000, 0x00000007c0000000)
  eden space 33280K, 0% used [0x0000000795580000,0x0000000795580000,0x0000000797600000)
  from space 5120K, 95% used [0x0000000797600000,0x0000000797ac4050,0x0000000797b00000)
  to   space 5120K, 0% used [0x0000000797b00000,0x0000000797b00000,0x0000000798000000)
 ParOldGen       total 87552K, used 80K [0x0000000740000000, 0x0000000745580000, 0x0000000795580000)
  object space 87552K, 0% used [0x0000000740000000,0x0000000740014010,0x0000000745580000)
 Metaspace       used 13641K, capacity 14062K, committed 14208K, reserved 1060864K
  class space    used 2001K, capacity 2085K, committed 2176K, reserved 1048576K
}

Deoptimization events (10 events):
Event: 2.324 Thread 0x00007f86ba010800 Uncommon trap: reason=class_check action=maybe_recompile pc=0x0000000104c472f0 method=java.io.DataInputStream.readShort()S @ 4
Event: 2.338 Thread 0x00007f86ba010800 Uncommon trap: reason=class_check action=maybe_recompile pc=0x0000000104b277b4 method=java.lang.String.equals(Ljava/lang/Object;)Z @ 8
Event: 2.338 Thread 0x00007f86ba010800 Uncommon trap: reason=class_check action=maybe_recompile pc=0x0000000104b277b4 method=java.lang.String.equals(Ljava/lang/Object;)Z @ 8
Event: 2.338 Thread 0x00007f86ba010800 Uncommon trap: reason=class_check action=maybe_recompile pc=0x0000000104b277b4 method=java.lang.String.equals(Ljava/lang/Object;)Z @ 8
Event: 2.339 Thread 0x00007f86ba010800 Uncommon trap: reason=class_check action=maybe_recompile pc=0x0000000104b277b4 method=java.lang.String.equals(Ljava/lang/Object;)Z @ 8
Event: 2.480 Thread 0x00007f86ba010800 Uncommon trap: reason=speculate_class_check action=maybe_recompile pc=0x0000000104d2b4a0 method=com.sun.javafx.css.BitSet.containsAll(Ljava/util/Collection;)Z @ 18
Event: 2.480 Thread 0x00007f86ba010800 Uncommon trap: reason=speculate_class_check action=maybe_recompile pc=0x0000000104d2b4a0 method=com.sun.javafx.css.BitSet.containsAll(Ljava/util/Collection;)Z @ 18
Event: 2.480 Thread 0x00007f86ba010800 Uncommon trap: reason=speculate_class_check action=maybe_recompile pc=0x0000000104d2b4a0 method=com.sun.javafx.css.BitSet.containsAll(Ljava/util/Collection;)Z @ 18
Event: 2.480 Thread 0x00007f86ba010800 Uncommon trap: reason=speculate_class_check action=maybe_recompile pc=0x0000000104d2b4a0 method=com.sun.javafx.css.BitSet.containsAll(Ljava/util/Collection;)Z @ 18
Event: 3.226 Thread 0x00007f86ba010800 Uncommon trap: reason=unloaded action=reinterpret pc=0x0000000104c3bd24 method=java.lang.CharacterData.of(I)Ljava/lang/CharacterData; @ 96

Internal exceptions (10 events):
Event: 2.201 Thread 0x00007f86ba010800 Exception <a 'java/security/PrivilegedActionException'> (0x0000000796e1d798) thrown at [/HUDSON3/workspace/8-2-build-macosx-x86_64/jdk8u20/1074/hotspot/src/share/vm/prims/jvm.cpp, line 1275]
Event: 2.204 Thread 0x00007f86ba010800 Exception <a 'java/security/PrivilegedActionException'> (0x0000000796e32bf0) thrown at [/HUDSON3/workspace/8-2-build-macosx-x86_64/jdk8u20/1074/hotspot/src/share/vm/prims/jvm.cpp, line 1275]
Event: 2.206 Thread 0x00007f86ba010800 Exception <a 'java/security/PrivilegedActionException'> (0x0000000796e47fa0) thrown at [/HUDSON3/workspace/8-2-build-macosx-x86_64/jdk8u20/1074/hotspot/src/share/vm/prims/jvm.cpp, line 1275]
Event: 2.553 Thread 0x00007f86ba010800 Exception <a 'java/security/PrivilegedActionException'> (0x0000000797294538) thrown at [/HUDSON3/workspace/8-2-build-macosx-x86_64/jdk8u20/1074/hotspot/src/share/vm/prims/jvm.cpp, line 1275]
Event: 2.555 Thread 0x00007f86ba010800 Exception <a 'java/security/PrivilegedActionException'> (0x00000007972aa7b0) thrown at [/HUDSON3/workspace/8-2-build-macosx-x86_64/jdk8u20/1074/hotspot/src/share/vm/prims/jvm.cpp, line 1275]
Event: 2.557 Thread 0x00007f86ba010800 Exception <a 'java/security/PrivilegedActionException'> (0x00000007972c0d80) thrown at [/HUDSON3/workspace/8-2-build-macosx-x86_64/jdk8u20/1074/hotspot/src/share/vm/prims/jvm.cpp, line 1275]
Event: 7.158 Thread 0x00007f86ba010800 Exception <a 'java/security/PrivilegedActionException'> (0x0000000795d17640) thrown at [/HUDSON3/workspace/8-2-build-macosx-x86_64/jdk8u20/1074/hotspot/src/share/vm/prims/jvm.cpp, line 1275]
Event: 7.167 Thread 0x00007f86ba010800 Exception <a 'java/lang/NullPointerException'> (0x0000000795d1ca38) thrown at [/HUDSON3/workspace/8-2-build-macosx-x86_64/jdk8u20/1074/hotspot/src/share/vm/interpreter/linkResolver.cpp, line 1166]
Event: 7.167 Thread 0x00007f86ba010800 Exception <a 'java/lang/reflect/InvocationTargetException'> (0x0000000795d1cd78) thrown at [/HUDSON3/workspace/8-2-build-macosx-x86_64/jdk8u20/1074/hotspot/src/share/vm/runtime/reflection.cpp, line 1079]
Event: 7.167 Thread 0x00007f86ba010800 Exception <a 'java/lang/RuntimeException'> (0x0000000795d1d408) thrown at [/HUDSON3/workspace/8-2-build-macosx-x86_64/jdk8u20/1074/hotspot/src/share/vm/prims/jvm.cpp, line 1279]

Events (10 events):
Event: 32.118 Thread 0x00007f86bb27b000 Thread exited: 0x00007f86bb27b000
Event: 32.118 Thread 0x00007f86bb000800 Thread exited: 0x00007f86bb000800
Event: 32.118 Thread 0x00007f86bbb3b800 Thread added: 0x00007f86bbb3b800
Event: 32.118 loading class java/util/IdentityHashMap$KeyIterator
Event: 32.118 loading class java/util/IdentityHashMap$IdentityHashMapIterator
Event: 32.118 loading class java/util/IdentityHashMap$IdentityHashMapIterator done
Event: 32.118 loading class java/util/IdentityHashMap$KeyIterator done
Event: 32.120 Thread 0x00007f86bb822000 Thread exited: 0x00007f86bb822000
Event: 32.120 Thread 0x00007f86bbb3b800 Thread exited: 0x00007f86bbb3b800
Event: 32.120 Thread 0x00007f86bb821000 Thread exited: 0x00007f86bb821000


Dynamic libraries:
0x0000000008a76000 	/System/Library/Frameworks/Cocoa.framework/Versions/A/Cocoa
0x0000000008a76000 	/System/Library/Frameworks/Security.framework/Versions/A/Security
0x0000000008a76000 	/System/Library/Frameworks/ApplicationServices.framework/Versions/A/ApplicationServices
0x0000000008a76000 	/usr/lib/libz.1.dylib
0x0000000008a76000 	/usr/lib/libSystem.B.dylib
0x0000000008a76000 	/usr/lib/libobjc.A.dylib
0x0000000008a76000 	/System/Library/Frameworks/CoreFoundation.framework/Versions/A/CoreFoundation
0x0000000008a76000 	/System/Library/Frameworks/Foundation.framework/Versions/C/Foundation
0x0000000008a76000 	/System/Library/Frameworks/AppKit.framework/Versions/C/AppKit
0x0000000008a76000 	/System/Library/Frameworks/CoreData.framework/Versions/A/CoreData
0x0000000008a76000 	/System/Library/PrivateFrameworks/RemoteViewServices.framework/Versions/A/RemoteViewServices
0x0000000008a76000 	/System/Library/PrivateFrameworks/UIFoundation.framework/Versions/A/UIFoundation
0x0000000008a76000 	/usr/lib/libScreenReader.dylib
0x0000000008a76000 	/System/Library/Frameworks/Accelerate.framework/Versions/A/Accelerate
0x0000000008a76000 	/System/Library/Frameworks/IOSurface.framework/Versions/A/IOSurface
0x0000000008a76000 	/System/Library/Frameworks/AudioToolbox.framework/Versions/A/AudioToolbox
0x0000000008a76000 	/System/Library/Frameworks/AudioUnit.framework/Versions/A/AudioUnit
0x0000000008a76000 	/System/Library/PrivateFrameworks/DataDetectorsCore.framework/Versions/A/DataDetectorsCore
0x0000000008a76000 	/System/Library/PrivateFrameworks/DesktopServicesPriv.framework/Versions/A/DesktopServicesPriv
0x0000000008a76000 	/System/Library/Frameworks/Carbon.framework/Versions/A/Frameworks/HIToolbox.framework/Versions/A/HIToolbox
0x0000000008a76000 	/System/Library/Frameworks/QuartzCore.framework/Versions/A/QuartzCore
0x0000000008a76000 	/System/Library/Frameworks/Carbon.framework/Versions/A/Frameworks/SpeechRecognition.framework/Versions/A/SpeechRecognition
0x0000000008a76000 	/usr/lib/libauto.dylib
0x0000000008a76000 	/usr/lib/libicucore.A.dylib
0x0000000008a76000 	/usr/lib/libxml2.2.dylib
0x0000000008a76000 	/System/Library/PrivateFrameworks/CoreUI.framework/Versions/A/CoreUI
0x0000000008a76000 	/System/Library/Frameworks/CoreAudio.framework/Versions/A/CoreAudio
0x0000000008a76000 	/System/Library/Frameworks/DiskArbitration.framework/Versions/A/DiskArbitration
0x0000000008a76000 	/usr/lib/liblangid.dylib
0x0000000008a76000 	/System/Library/PrivateFrameworks/MultitouchSupport.framework/Versions/A/MultitouchSupport
0x0000000008a76000 	/System/Library/Frameworks/IOKit.framework/Versions/A/IOKit
0x0000000008a76000 	/usr/lib/libDiagnosticMessagesClient.dylib
0x0000000008a76000 	/System/Library/Frameworks/CoreServices.framework/Versions/A/CoreServices
0x0000000008a76000 	/System/Library/PrivateFrameworks/PerformanceAnalysis.framework/Versions/A/PerformanceAnalysis
0x0000000008a76000 	/System/Library/PrivateFrameworks/GenerationalStorage.framework/Versions/A/GenerationalStorage
0x0000000008a76000 	/System/Library/Frameworks/OpenGL.framework/Versions/A/OpenGL
0x0000000008a76000 	/System/Library/PrivateFrameworks/Sharing.framework/Versions/A/Sharing
0x0000000008a76000 	/System/Library/Frameworks/CoreGraphics.framework/Versions/A/CoreGraphics
0x0000000008a76000 	/System/Library/Frameworks/CoreImage.framework/Versions/A/CoreImage
0x0000000008a76000 	/System/Library/Frameworks/CoreText.framework/Versions/A/CoreText
0x0000000008a76000 	/System/Library/Frameworks/ImageIO.framework/Versions/A/ImageIO
0x0000000008a76000 	/System/Library/PrivateFrameworks/Backup.framework/Versions/A/Backup
0x0000000008a76000 	/usr/lib/libextension.dylib
0x0000000008a76000 	/usr/lib/libarchive.2.dylib
0x0000000008a76000 	/System/Library/Frameworks/CFNetwork.framework/Versions/A/CFNetwork
0x0000000008a76000 	/System/Library/Frameworks/SystemConfiguration.framework/Versions/A/SystemConfiguration
0x0000000008a76000 	/usr/lib/libCRFSuite.dylib
0x0000000008a76000 	/usr/lib/libc++.1.dylib
0x0000000008a76000 	/usr/lib/libc++abi.dylib
0x0000000008a76000 	/usr/lib/system/libcache.dylib
0x0000000008a76000 	/usr/lib/system/libcommonCrypto.dylib
0x0000000008a76000 	/usr/lib/system/libcompiler_rt.dylib
0x0000000008a76000 	/usr/lib/system/libcopyfile.dylib
0x0000000008a76000 	/usr/lib/system/libcorecrypto.dylib
0x0000000008a76000 	/usr/lib/system/libdispatch.dylib
0x0000000008a76000 	/usr/lib/system/libdyld.dylib
0x0000000008a76000 	/usr/lib/system/libkeymgr.dylib
0x0000000008a76000 	/usr/lib/system/liblaunch.dylib
0x0000000008a76000 	/usr/lib/system/libmacho.dylib
0x0000000008a76000 	/usr/lib/system/libquarantine.dylib
0x0000000008a76000 	/usr/lib/system/libremovefile.dylib
0x0000000008a76000 	/usr/lib/system/libsystem_asl.dylib
0x0000000008a76000 	/usr/lib/system/libsystem_blocks.dylib
0x0000000008a76000 	/usr/lib/system/libsystem_c.dylib
0x0000000008a76000 	/usr/lib/system/libsystem_configuration.dylib
0x0000000008a76000 	/usr/lib/system/libsystem_coreservices.dylib
0x0000000008a76000 	/usr/lib/system/libsystem_coretls.dylib
0x0000000008a76000 	/usr/lib/system/libsystem_dnssd.dylib
0x0000000008a76000 	/usr/lib/system/libsystem_info.dylib
0x0000000008a76000 	/usr/lib/system/libsystem_kernel.dylib
0x0000000008a76000 	/usr/lib/system/libsystem_m.dylib
0x0000000008a76000 	/usr/lib/system/libsystem_malloc.dylib
0x0000000008a76000 	/usr/lib/system/libsystem_network.dylib
0x0000000008a76000 	/usr/lib/system/libsystem_networkextension.dylib
0x0000000008a76000 	/usr/lib/system/libsystem_notify.dylib
0x0000000008a76000 	/usr/lib/system/libsystem_platform.dylib
0x0000000008a76000 	/usr/lib/system/libsystem_pthread.dylib
0x0000000008a76000 	/usr/lib/system/libsystem_sandbox.dylib
0x0000000008a76000 	/usr/lib/system/libsystem_secinit.dylib
0x0000000008a76000 	/usr/lib/system/libsystem_trace.dylib
0x0000000008a76000 	/usr/lib/system/libunc.dylib
0x0000000008a76000 	/usr/lib/system/libunwind.dylib
0x0000000008a76000 	/usr/lib/system/libxpc.dylib
0x0000000008a76000 	/usr/lib/libenergytrace.dylib
0x0000000008a76000 	/usr/lib/libbsm.0.dylib
0x0000000008a76000 	/usr/lib/system/libkxld.dylib
0x0000000008a76000 	/usr/lib/libxar.1.dylib
0x0000000008a76000 	/usr/lib/libsqlite3.dylib
0x0000000008a76000 	/usr/lib/libpam.2.dylib
0x0000000008a76000 	/usr/lib/libOpenScriptingUtil.dylib
0x0000000008a76000 	/usr/lib/libbz2.1.0.dylib
0x0000000008a76000 	/usr/lib/liblzma.5.dylib
0x0000000008a76000 	/System/Library/Frameworks/CoreServices.framework/Versions/A/Frameworks/FSEvents.framework/Versions/A/FSEvents
0x0000000008a76000 	/System/Library/Frameworks/CoreServices.framework/Versions/A/Frameworks/CarbonCore.framework/Versions/A/CarbonCore
0x0000000008a76000 	/System/Library/Frameworks/CoreServices.framework/Versions/A/Frameworks/Metadata.framework/Versions/A/Metadata
0x0000000008a76000 	/System/Library/Frameworks/CoreServices.framework/Versions/A/Frameworks/OSServices.framework/Versions/A/OSServices
0x0000000008a76000 	/System/Library/Frameworks/CoreServices.framework/Versions/A/Frameworks/SearchKit.framework/Versions/A/SearchKit
0x0000000008a76000 	/System/Library/Frameworks/CoreServices.framework/Versions/A/Frameworks/AE.framework/Versions/A/AE
0x0000000008a76000 	/System/Library/Frameworks/CoreServices.framework/Versions/A/Frameworks/LaunchServices.framework/Versions/A/LaunchServices
0x0000000008a76000 	/System/Library/Frameworks/CoreServices.framework/Versions/A/Frameworks/DictionaryServices.framework/Versions/A/DictionaryServices
0x0000000008a76000 	/System/Library/Frameworks/CoreServices.framework/Versions/A/Frameworks/SharedFileList.framework/Versions/A/SharedFileList
0x0000000008a76000 	/System/Library/Frameworks/NetFS.framework/Versions/A/NetFS
0x0000000008a76000 	/System/Library/PrivateFrameworks/NetAuth.framework/Versions/A/NetAuth
0x0000000008a76000 	/System/Library/PrivateFrameworks/login.framework/Versions/A/Frameworks/loginsupport.framework/Versions/A/loginsupport
0x0000000008a76000 	/System/Library/PrivateFrameworks/TCC.framework/Versions/A/TCC
0x0000000008a76000 	/usr/lib/libmecabra.dylib
0x0000000008a76000 	/System/Library/Frameworks/ApplicationServices.framework/Versions/A/Frameworks/ATS.framework/Versions/A/ATS
0x0000000008a76000 	/System/Library/Frameworks/ApplicationServices.framework/Versions/A/Frameworks/ColorSync.framework/Versions/A/ColorSync
0x0000000008a76000 	/System/Library/Frameworks/ApplicationServices.framework/Versions/A/Frameworks/HIServices.framework/Versions/A/HIServices
0x0000000008a76000 	/System/Library/Frameworks/ApplicationServices.framework/Versions/A/Frameworks/LangAnalysis.framework/Versions/A/LangAnalysis
0x0000000008a76000 	/System/Library/Frameworks/ApplicationServices.framework/Versions/A/Frameworks/PrintCore.framework/Versions/A/PrintCore
0x0000000008a76000 	/System/Library/Frameworks/ApplicationServices.framework/Versions/A/Frameworks/QD.framework/Versions/A/QD
0x0000000008a76000 	/System/Library/Frameworks/ApplicationServices.framework/Versions/A/Frameworks/SpeechSynthesis.framework/Versions/A/SpeechSynthesis
0x0000000008a76000 	/System/Library/Frameworks/Metal.framework/Versions/A/Metal
0x0000000008a76000 	/System/Library/Frameworks/Accelerate.framework/Versions/A/Frameworks/vImage.framework/Versions/A/vImage
0x0000000008a76000 	/System/Library/Frameworks/Accelerate.framework/Versions/A/Frameworks/vecLib.framework/Versions/A/vecLib
0x0000000008a76000 	/System/Library/Frameworks/Accelerate.framework/Versions/A/Frameworks/vecLib.framework/Versions/A/libvDSP.dylib
0x0000000008a76000 	/System/Library/Frameworks/Accelerate.framework/Versions/A/Frameworks/vecLib.framework/Versions/A/libvMisc.dylib
0x0000000008a76000 	/System/Library/Frameworks/Accelerate.framework/Versions/A/Frameworks/vecLib.framework/Versions/A/libLAPACK.dylib
0x0000000008a76000 	/System/Library/Frameworks/Accelerate.framework/Versions/A/Frameworks/vecLib.framework/Versions/A/libBLAS.dylib
0x0000000008a76000 	/System/Library/Frameworks/Accelerate.framework/Versions/A/Frameworks/vecLib.framework/Versions/A/libLinearAlgebra.dylib
0x0000000008a76000 	/System/Library/Frameworks/Accelerate.framework/Versions/A/Frameworks/vecLib.framework/Versions/A/libSparseBLAS.dylib
0x0000000008a76000 	/System/Library/PrivateFrameworks/GPUCompiler.framework/libmetal_timestamp.dylib
0x0000000008a76000 	/System/Library/Frameworks/OpenGL.framework/Versions/A/Libraries/libCoreFSCache.dylib
0x0000000008a76000 	/System/Library/PrivateFrameworks/IOAccelerator.framework/Versions/A/IOAccelerator
0x0000000008a76000 	/System/Library/Frameworks/ApplicationServices.framework/Versions/A/Frameworks/ATS.framework/Versions/A/Resources/libFontParser.dylib
0x0000000008a76000 	/System/Library/Frameworks/ApplicationServices.framework/Versions/A/Frameworks/ATS.framework/Versions/A/Resources/libFontRegistry.dylib
0x0000000008a76000 	/System/Library/PrivateFrameworks/AppleVPA.framework/Versions/A/AppleVPA
0x0000000008a76000 	/System/Library/PrivateFrameworks/AppleJPEG.framework/Versions/A/AppleJPEG
0x0000000008a76000 	/System/Library/Frameworks/ImageIO.framework/Versions/A/Resources/libJPEG.dylib
0x0000000008a76000 	/System/Library/Frameworks/ImageIO.framework/Versions/A/Resources/libTIFF.dylib
0x0000000008a76000 	/System/Library/Frameworks/ImageIO.framework/Versions/A/Resources/libPng.dylib
0x0000000008a76000 	/System/Library/Frameworks/ImageIO.framework/Versions/A/Resources/libGIF.dylib
0x0000000008a76000 	/System/Library/Frameworks/ImageIO.framework/Versions/A/Resources/libJP2.dylib
0x0000000008a76000 	/System/Library/Frameworks/ImageIO.framework/Versions/A/Resources/libRadiance.dylib
0x0000000008a76000 	/System/Library/Frameworks/CoreVideo.framework/Versions/A/CoreVideo
0x0000000008a76000 	/System/Library/Frameworks/OpenGL.framework/Versions/A/Libraries/libGLU.dylib
0x0000000008a76000 	/System/Library/Frameworks/OpenGL.framework/Versions/A/Libraries/libGFXShared.dylib
0x0000000008a76000 	/System/Library/Frameworks/OpenGL.framework/Versions/A/Libraries/libGL.dylib
0x0000000008a76000 	/System/Library/Frameworks/OpenGL.framework/Versions/A/Libraries/libGLImage.dylib
0x0000000008a76000 	/System/Library/Frameworks/OpenGL.framework/Versions/A/Libraries/libCVMSPluginSupport.dylib
0x0000000008a76000 	/System/Library/Frameworks/OpenGL.framework/Versions/A/Libraries/libCoreVMClient.dylib
0x0000000008a76000 	/usr/lib/libcups.2.dylib
0x0000000008a76000 	/System/Library/Frameworks/Kerberos.framework/Versions/A/Kerberos
0x0000000008a76000 	/System/Library/Frameworks/GSS.framework/Versions/A/GSS
0x0000000008a76000 	/usr/lib/libresolv.9.dylib
0x0000000008a76000 	/usr/lib/libiconv.2.dylib
0x0000000008a76000 	/System/Library/PrivateFrameworks/Heimdal.framework/Versions/A/Heimdal
0x0000000008a76000 	/usr/lib/libheimdal-asn1.dylib
0x0000000008a76000 	/System/Library/Frameworks/OpenDirectory.framework/Versions/A/OpenDirectory
0x0000000008a76000 	/System/Library/PrivateFrameworks/CommonAuth.framework/Versions/A/CommonAuth
0x0000000008a76000 	/System/Library/Frameworks/OpenDirectory.framework/Versions/A/Frameworks/CFOpenDirectory.framework/Versions/A/CFOpenDirectory
0x0000000008a76000 	/System/Library/Frameworks/SecurityFoundation.framework/Versions/A/SecurityFoundation
0x0000000008a76000 	/System/Library/PrivateFrameworks/LanguageModeling.framework/Versions/A/LanguageModeling
0x0000000008a76000 	/usr/lib/libmarisa.dylib
0x0000000008a76000 	/usr/lib/libChineseTokenizer.dylib
0x0000000008a76000 	/usr/lib/libcmph.dylib
0x0000000008a76000 	/usr/lib/libcompression.dylib
0x0000000008a76000 	/System/Library/Frameworks/ServiceManagement.framework/Versions/A/ServiceManagement
0x0000000008a76000 	/usr/lib/libxslt.1.dylib
0x0000000008a76000 	/System/Library/Frameworks/Carbon.framework/Versions/A/Frameworks/Ink.framework/Versions/A/Ink
0x0000000008a76000 	/usr/lib/libFosl_dynamic.dylib
0x0000000008a76000 	/System/Library/PrivateFrameworks/FaceCore.framework/Versions/A/FaceCore
0x0000000008a76000 	/System/Library/Frameworks/OpenCL.framework/Versions/A/OpenCL
0x0000000008a76000 	/System/Library/PrivateFrameworks/CrashReporterSupport.framework/Versions/A/CrashReporterSupport
0x0000000008a76000 	/System/Library/PrivateFrameworks/IconServices.framework/Versions/A/IconServices
0x0000000008a76000 	/System/Library/PrivateFrameworks/Apple80211.framework/Versions/A/Apple80211
0x0000000008a76000 	/System/Library/Frameworks/CoreWLAN.framework/Versions/A/CoreWLAN
0x0000000008a76000 	/System/Library/Frameworks/IOBluetooth.framework/Versions/A/IOBluetooth
0x0000000008a76000 	/System/Library/PrivateFrameworks/CoreWiFi.framework/Versions/A/CoreWiFi
0x0000000008a76000 	/System/Library/Frameworks/CoreBluetooth.framework/Versions/A/CoreBluetooth
0x0000000008a76000 	/System/Library/PrivateFrameworks/ChunkingLibrary.framework/Versions/A/ChunkingLibrary
0x0000000008a76000 	/System/Library/PrivateFrameworks/DebugSymbols.framework/Versions/A/DebugSymbols
0x0000000008a76000 	/System/Library/PrivateFrameworks/CoreSymbolication.framework/Versions/A/CoreSymbolication
0x0000000008a76000 	/System/Library/PrivateFrameworks/Symbolication.framework/Versions/A/Symbolication
0x0000000008a76000 	/System/Library/PrivateFrameworks/SpeechRecognitionCore.framework/Versions/A/SpeechRecognitionCore
0x0000000103167000 	/Library/Java/JavaVirtualMachines/jdk1.8.0_20.jdk/Contents/Home/jre/lib/server/libjvm.dylib
0x0000000008a76000 	/usr/lib/libstdc++.6.dylib
0x0000000104086000 	/Library/Java/JavaVirtualMachines/jdk1.8.0_20.jdk/Contents/Home/jre/lib/libverify.dylib
0x0000000104094000 	/Library/Java/JavaVirtualMachines/jdk1.8.0_20.jdk/Contents/Home/jre/lib/libjava.dylib
0x00000001040c9000 	/Library/Java/JavaVirtualMachines/jdk1.8.0_20.jdk/Contents/Home/jre/lib/libjdwp.dylib
0x0000000104114000 	/Library/Java/JavaVirtualMachines/jdk1.8.0_20.jdk/Contents/Home/jre/lib/libnpt.dylib
0x0000000104121000 	/Library/Java/JavaVirtualMachines/jdk1.8.0_20.jdk/Contents/Home/jre/lib/libzip.dylib
0x000000011a263000 	/System/Library/Frameworks/JavaVM.framework/Frameworks/JavaRuntimeSupport.framework/JavaRuntimeSupport
0x000000011a27e000 	/System/Library/Frameworks/JavaVM.framework/Versions/A/Frameworks/JavaNativeFoundation.framework/Versions/A/JavaNativeFoundation
0x000000011a293000 	/System/Library/Frameworks/JavaVM.framework/Versions/A/JavaVM
0x0000000008a76000 	/System/Library/Frameworks/Carbon.framework/Versions/A/Carbon
0x000000011a2a0000 	/System/Library/PrivateFrameworks/JavaLaunching.framework/Versions/A/JavaLaunching
0x0000000008a76000 	/System/Library/Frameworks/Carbon.framework/Versions/A/Frameworks/CommonPanels.framework/Versions/A/CommonPanels
0x0000000008a76000 	/System/Library/Frameworks/Carbon.framework/Versions/A/Frameworks/Help.framework/Versions/A/Help
0x0000000008a76000 	/System/Library/Frameworks/Carbon.framework/Versions/A/Frameworks/ImageCapture.framework/Versions/A/ImageCapture
0x0000000008a76000 	/System/Library/Frameworks/Carbon.framework/Versions/A/Frameworks/OpenScripting.framework/Versions/A/OpenScripting
0x0000000008a76000 	/System/Library/Frameworks/Carbon.framework/Versions/A/Frameworks/Print.framework/Versions/A/Print
0x0000000008a76000 	/System/Library/Frameworks/Carbon.framework/Versions/A/Frameworks/SecurityHI.framework/Versions/A/SecurityHI
0x000000011a2ac000 	/Library/Java/JavaVirtualMachines/jdk1.8.0_20.jdk/Contents/Home/jre/lib/libdt_socket.dylib
0x000000011bc55000 	/Library/Java/JavaVirtualMachines/jdk1.8.0_20.jdk/Contents/Home/jre/lib/libprism_es2.dylib
0x0000000008a76000 	/System/Library/Frameworks/OpenGL.framework/Versions/A/Resources/GLEngine.bundle/GLEngine
0x0000000008a76000 	/System/Library/Frameworks/OpenGL.framework/Versions/A/Libraries/libGLProgrammability.dylib
0x000000011bcd6000 	/System/Library/Extensions/AppleIntelHDGraphicsGLDriver.bundle/Contents/MacOS/AppleIntelHDGraphicsGLDriver
0x0000000008a76000 	/System/Library/PrivateFrameworks/GPUSupport.framework/Versions/A/Libraries/libGPUSupport.dylib
0x0000000000000000 	/System/Library/Extensions/GeForceTeslaGLDriver.bundle/Contents/MacOS/GeForceTeslaGLDriver
0x000000011c164000 	/System/Library/Extensions/GeForceTeslaGLDriver.bundle/Contents/MacOS/libclh.dylib
0x0000000008a76000 	/System/Library/Frameworks/OpenGL.framework/Versions/A/Resources/GLRendererFloat.bundle/GLRendererFloat
0x0000000008a76000 	/System/Library/Frameworks/OpenCL.framework/Versions/A/Libraries/libcldcpuengine.dylib
0x0000000008a76000 	/System/Library/PrivateFrameworks/DiskImages.framework/Versions/A/DiskImages
0x0000000008a76000 	/System/Library/Frameworks/DiscRecording.framework/Versions/A/DiscRecording
0x0000000008a76000 	/usr/lib/libcsfde.dylib
0x0000000008a76000 	/usr/lib/libcurl.4.dylib
0x0000000008a76000 	/System/Library/PrivateFrameworks/MediaKit.framework/Versions/A/MediaKit
0x0000000008a76000 	/System/Library/PrivateFrameworks/ProtectedCloudStorage.framework/Versions/A/ProtectedCloudStorage
0x0000000008a76000 	/usr/lib/libCoreStorage.dylib
0x0000000008a76000 	/System/Library/PrivateFrameworks/EFILogin.framework/Versions/A/EFILogin
0x0000000008a76000 	/usr/lib/libutil.dylib
0x0000000008a76000 	/System/Library/PrivateFrameworks/FindMyDevice.framework/Versions/A/FindMyDevice
0x0000000008a76000 	/System/Library/Frameworks/LDAP.framework/Versions/A/LDAP
0x0000000008a76000 	/usr/lib/libsasl2.2.dylib
0x0000000008a76000 	/System/Library/PrivateFrameworks/CoreDaemon.framework/Versions/B/CoreDaemon
0x0000000008a76000 	/usr/lib/libcrypto.0.9.8.dylib
0x0000000008a76000 	/System/Library/PrivateFrameworks/AppleSRP.framework/Versions/A/AppleSRP
0x0000000008a76000 	/System/Library/PrivateFrameworks/TrustEvaluationAgent.framework/Versions/A/TrustEvaluationAgent
0x000000011ca59000 	/Library/Java/JavaVirtualMachines/jdk1.8.0_20.jdk/Contents/Home/jre/lib/libglass.dylib
0x0000000008a76000 	/System/Library/PrivateFrameworks/CoreServicesInternal.framework/Versions/A/CoreServicesInternal
0x0000000008a76000 	/System/Library/CoreServices/RawCamera.bundle/Contents/MacOS/RawCamera
0x0000000008a76000 	/System/Library/Frameworks/CoreGraphics.framework/Versions/A/Resources/libRIP.A.dylib
0x0000000008a76000 	/System/Library/Frameworks/Accelerate.framework/Versions/A/Frameworks/vImage.framework/Versions/A/Libraries/libCGInterfaces.dylib
0x0000000008a76000 	/System/Library/PrivateFrameworks/FamilyControls.framework/Versions/A/FamilyControls
0x0000000008a76000 	/System/Library/PrivateFrameworks/CommerceKit.framework/Versions/A/Frameworks/CommerceCore.framework/Versions/A/CommerceCore
0x0000000008a76000 	/System/Library/PrivateFrameworks/SystemAdministration.framework/Versions/A/SystemAdministration
0x0000000008a76000 	/System/Library/PrivateFrameworks/AppContainer.framework/Versions/A/AppContainer
0x0000000008a76000 	/System/Library/PrivateFrameworks/SecCodeWrapper.framework/Versions/A/SecCodeWrapper
0x0000000008a76000 	/System/Library/Frameworks/DirectoryService.framework/Versions/A/DirectoryService
0x0000000008a76000 	/System/Library/PrivateFrameworks/LoginUIKit.framework/Versions/A/Frameworks/LoginUICore.framework/Versions/A/LoginUICore
0x0000000008a76000 	/usr/lib/libodfde.dylib
0x000000011d202000 	/Library/Java/JavaVirtualMachines/jdk1.8.0_20.jdk/Contents/Home/jre/lib/libjavafx_font.dylib
0x0000000008a76000 	/System/Library/Frameworks/CoreGraphics.framework/Versions/A/Resources/libCGXType.A.dylib
0x000000012260e000 	cl_kernels
0x0000000008a76000 	/System/Library/Frameworks/OpenCL.framework/Versions/A/Libraries/ImageFormats/unorm8_bgra.dylib
0x0000000008a76000 	/System/Library/Frameworks/OpenCL.framework/Versions/A/Libraries/ImageFormats/unorm8_rgba.dylib
0x000000012309f000 	/Library/Java/JavaVirtualMachines/jdk1.8.0_20.jdk/Contents/Home/jre/lib/libprism_common.dylib

VM Arguments:
jvm_args: -Xdebug -Xrunjdwp:transport=dt_socket,address=localhost:52057 -Dfile.encoding=UTF-8 
java_command: /Users/alessandro/Desktop/itis/tecnologie e progettazione di sistemi informatici e di telecomunicazione/Geocoso3/dist/run486838902/Geocoso3.jar
java_class_path (initial): /Users/alessandro/Desktop/itis/tecnologie e progettazione di sistemi informatici e di telecomunicazione/Geocoso3/dist/run486838902/Geocoso3.jar
Launcher Type: SUN_STANDARD

Environment Variables:
PATH=/usr/bin:/bin:/usr/sbin:/sbin
LD_LIBRARY_PATH=/Library/Java/JavaVirtualMachines/jdk1.8.0_20.jdk/Contents/Home/jre/lib/amd64:/Library/Java/JavaVirtualMachines/jdk1.8.0_20.jdk/Contents/Home/jre/lib/i386:
SHELL=/bin/bash

Signal Handlers:
SIGSEGV: [libjvm.dylib+0x578fd7], sa_mask[0]=11111111011111110111111111111111, sa_flags=SA_ONSTACK|SA_RESTART|SA_SIGINFO
SIGBUS: [libjvm.dylib+0x578fd7], sa_mask[0]=11111111011111110111111111111111, sa_flags=SA_RESTART|SA_SIGINFO
SIGFPE: [libjvm.dylib+0x45ab0c], sa_mask[0]=11111111011111110111111111111111, sa_flags=SA_RESTART|SA_SIGINFO
SIGPIPE: [libjvm.dylib+0x45ab0c], sa_mask[0]=11111111011111110111111111111111, sa_flags=SA_RESTART|SA_SIGINFO
SIGXFSZ: [libjvm.dylib+0x45ab0c], sa_mask[0]=11111111011111110111111111111111, sa_flags=SA_RESTART|SA_SIGINFO
SIGILL: [libjvm.dylib+0x45ab0c], sa_mask[0]=11111111011111110111111111111111, sa_flags=SA_RESTART|SA_SIGINFO
SIGUSR1: SIG_DFL, sa_mask[0]=00000000000000000000000000000000, sa_flags=none
SIGUSR2: [libjvm.dylib+0x45a62a], sa_mask[0]=00100000000000000000000000000000, sa_flags=SA_RESTART|SA_SIGINFO
SIGHUP: [libjvm.dylib+0x458bfd], sa_mask[0]=11111111011111110111111111111111, sa_flags=SA_RESTART|SA_SIGINFO
SIGINT: SIG_IGN, sa_mask[0]=00000000000000000000000000000000, sa_flags=none
SIGTERM: [libjvm.dylib+0x458bfd], sa_mask[0]=11111111011111110111111111111111, sa_flags=SA_RESTART|SA_SIGINFO
SIGQUIT: [libjvm.dylib+0x458bfd], sa_mask[0]=11111111011111110111111111111111, sa_flags=SA_RESTART|SA_SIGINFO


---------------  S Y S T E M  ---------------

OS:Bsduname:Darwin 15.0.0 Darwin Kernel Version 15.0.0: Wed Aug 26 16:57:32 PDT 2015; root:xnu-3247.1.106~1/RELEASE_X86_64 x86_64
rlimit: STACK 8192k, CORE 0k, NPROC 709, NOFILE 10240, AS infinity
load average:2.13 1.89 1.93

CPU:total 4 (2 cores per cpu, 2 threads per core) family 6 model 37 stepping 5, cmov, cx8, fxsr, mmx, sse, sse2, sse3, ssse3, sse4.1, sse4.2, popcnt, aes, clmul, ht, tsc, tscinvbit

Memory: 4k page, physical 8388608k(592564k free)

/proc/meminfo:


vm_info: Java HotSpot(TM) 64-Bit Server VM (25.20-b23) for bsd-amd64 JRE (1.8.0_20-b26), built on Jul 30 2014 13:37:47 by "java_re" with gcc 4.2.1 (Based on Apple Inc. build 5658) (LLVM build 2336.9.00)

time: Wed Dec  2 19:19:54 2015
elapsed time: 32 seconds (0d 0h 0m 32s)

